<?xml version="1.0" encoding="UTF-8"?>
<!-- Generated by org.testng.reporters.JUnitReportReporter -->
<testsuite hostname="DESKTOP-M79ODK4" failures="0" tests="1" name="AssignmentProgram.AssignmentRmg8" time="3.604" errors="0" timestamp="2021-07-31T21:18:04 IST" skipped="0">
  <testcase classname="AssignmentProgram.AssignmentRmg8" name="Program8rmg" time="3.604"/>
  <system-out/>
</testsuite> <!-- AssignmentProgram.AssignmentRmg8 -->
