<?xml version="1.0" encoding="UTF-8"?>
<!-- Generated by org.testng.reporters.JUnitReportReporter -->
<testsuite hostname="DESKTOP-M79ODK4" failures="0" tests="1" name="ProgramMapper.getMethod" time="57.178" errors="0" timestamp="2021-07-30T11:58:56 IST" skipped="0">
  <testcase classname="ProgramMapper.getMethod" name="getHash" time="57.178"/>
  <system-out/>
</testsuite> <!-- ProgramMapper.getMethod -->
