<?xml version="1.0" encoding="UTF-8"?>
<!-- Generated by org.testng.reporters.JUnitReportReporter -->
<testsuite hostname="DESKTOP-M79ODK4" failures="0" tests="1" name="AssignmentProgram.AssignmentRmg9" time="3.607" errors="0" timestamp="2021-07-31T21:02:03 IST" skipped="0">
  <testcase classname="AssignmentProgram.AssignmentRmg9" name="Program9rmg" time="3.607"/>
  <system-out/>
</testsuite> <!-- AssignmentProgram.AssignmentRmg9 -->
