<?xml version="1.0" encoding="UTF-8"?>
<!-- Generated by org.testng.reporters.JUnitReportReporter -->
<testsuite hostname="DESKTOP-M79ODK4" failures="0" tests="1" name="com.comcast.ComplexData.ReqResStaticResponse" time="8.919" errors="0" timestamp="2021-07-31T10:53:01 IST" skipped="0">
  <testcase classname="com.comcast.ComplexData.ReqResStaticResponse" name="ReqResStatic" time="8.919"/>
  <system-out/>
</testsuite> <!-- com.comcast.ComplexData.ReqResStaticResponse -->
