<?xml version="1.0" encoding="UTF-8"?>
<!-- Generated by org.testng.reporters.JUnitReportReporter -->
<testsuite hostname="DESKTOP-M79ODK4" failures="0" tests="1" name="com.ParameterProgram.matcherProgram" time="96.499" errors="0" timestamp="2021-07-31T12:35:22 IST" skipped="0">
  <testcase classname="com.ParameterProgram.matcherProgram" name="pathAuthentication" time="96.499"/>
  <system-out/>
</testsuite> <!-- com.ParameterProgram.matcherProgram -->
