<?xml version="1.0" encoding="UTF-8"?>
<!-- Generated by org.testng.reporters.JUnitReportReporter -->
<testsuite hostname="DESKTOP-M79ODK4" failures="0" tests="1" name="com.ParameterProgram.PathProgram" time="20.458" errors="0" timestamp="2021-07-31T11:46:33 IST" skipped="0">
  <testcase classname="com.ParameterProgram.PathProgram" name="pathAuthentication" time="20.458"/>
  <system-out/>
</testsuite> <!-- com.ParameterProgram.PathProgram -->
