<?xml version="1.0" encoding="UTF-8"?>
<!-- Generated by org.testng.reporters.JUnitReportReporter -->
<testsuite hostname="DESKTOP-M79ODK4" failures="0" tests="1" name="RequestChaining.Oathu2Authentication" time="5.032" errors="0" timestamp="2021-07-31T16:38:40 IST" skipped="0">
  <testcase classname="RequestChaining.Oathu2Authentication" name="Oauth2Program" time="5.032"/>
  <system-out/>
</testsuite> <!-- RequestChaining.Oathu2Authentication -->
