<?xml version="1.0" encoding="UTF-8"?>
<!-- Generated by org.testng.reporters.JUnitReportReporter -->
<testsuite hostname="DESKTOP-M79ODK4" failures="0" tests="1" name="com.TY.RMG.Projects.CreateProjectAndValidationInDBTestAndDelete" time="8.988" errors="0" timestamp="2021-08-02T16:19:09 IST" skipped="0">
  <testcase classname="com.TY.RMG.Projects.CreateProjectAndValidationInDBTestAndDelete" name="CreateDataBaseAndDelete" time="8.988"/>
  <system-out/>
</testsuite> <!-- com.TY.RMG.Projects.CreateProjectAndValidationInDBTestAndDelete -->
