<?xml version="1.0" encoding="UTF-8"?>
<!-- Generated by org.testng.reporters.JUnitReportReporter -->
<testsuite hostname="DESKTOP-M79ODK4" failures="0" tests="1" name="AssignmentProgram.AssignmentChainingRequest" time="32.344" errors="0" timestamp="2021-08-01T21:06:39 IST" skipped="0">
  <testcase classname="AssignmentProgram.AssignmentChainingRequest" name="RequetChainingProgram" time="32.344"/>
  <system-out/>
</testsuite> <!-- AssignmentProgram.AssignmentChainingRequest -->
