<?xml version="1.0" encoding="UTF-8"?>
<!-- Generated by org.testng.reporters.JUnitReportReporter -->
<testsuite hostname="DESKTOP-M79ODK4" failures="0" tests="1" name="ProgamFirst.Get" time="3.089" errors="0" timestamp="2021-07-29T16:51:23 IST" skipped="0">
  <testcase classname="ProgamFirst.Get" name="getAll" time="3.089"/>
  <system-out/>
</testsuite> <!-- ProgamFirst.Get -->
