<?xml version="1.0" encoding="UTF-8"?>
<!-- Generated by org.testng.reporters.JUnitReportReporter -->
<testsuite hostname="DESKTOP-M79ODK4" failures="0" tests="1" name="ProgamFirst.DeleteMethod" time="22.095" errors="0" timestamp="2021-07-29T17:19:13 IST" skipped="0">
  <testcase classname="ProgamFirst.DeleteMethod" name="deleteProject" time="22.095"/>
  <system-out/>
</testsuite> <!-- ProgamFirst.DeleteMethod -->
