<?xml version="1.0" encoding="UTF-8"?>
<!-- Generated by org.testng.reporters.JUnitReportReporter -->
<testsuite hostname="DESKTOP-M79ODK4" failures="0" tests="1" name="RequestChaining.ChainingProgram" time="4.845" errors="0" timestamp="2021-07-31T13:10:40 IST" skipped="0">
  <testcase classname="RequestChaining.ChainingProgram" name="RequestChainingMethod" time="4.845"/>
  <system-out/>
</testsuite> <!-- RequestChaining.ChainingProgram -->
