<?xml version="1.0" encoding="UTF-8"?>
<!-- Generated by org.testng.reporters.JUnitReportReporter -->
<testsuite hostname="DESKTOP-M79ODK4" failures="0" tests="1" name="com.comcast.ComplexData.ValidateStaticResponseTest" time="7.616" errors="0" timestamp="2021-07-30T20:09:37 IST" skipped="0">
  <testcase classname="com.comcast.ComplexData.ValidateStaticResponseTest" name="ValidateStatic" time="7.616"/>
  <system-out/>
</testsuite> <!-- com.comcast.ComplexData.ValidateStaticResponseTest -->
