<?xml version="1.0" encoding="UTF-8"?>
<!-- Generated by org.testng.reporters.JUnitReportReporter -->
<testsuite hostname="DESKTOP-M79ODK4" failures="0" tests="1" name="ProgramMapper.FileJson" time="7.038" errors="0" timestamp="2021-07-30T12:51:44 IST" skipped="0">
  <testcase classname="ProgramMapper.FileJson" name="FileNew" time="7.038"/>
  <system-out/>
</testsuite> <!-- ProgramMapper.FileJson -->
