<?xml version="1.0" encoding="UTF-8"?>
<!-- Generated by org.testng.reporters.JUnitReportReporter -->
<testsuite hostname="DESKTOP-M79ODK4" failures="0" tests="1" name="com.comcast.ComplexData.ValidateDynamicResponseTest" time="48.285" errors="0" timestamp="2021-07-31T10:35:53 IST" skipped="0">
  <testcase classname="com.comcast.ComplexData.ValidateDynamicResponseTest" name="dynamicResponse" time="48.285"/>
  <system-out/>
</testsuite> <!-- com.comcast.ComplexData.ValidateDynamicResponseTest -->
