<?xml version="1.0" encoding="UTF-8"?>
<!-- Generated by org.testng.reporters.JUnitReportReporter -->
<testsuite hostname="DESKTOP-M79ODK4" failures="0" tests="1" name="RequestChaining.BearerToken" time="7.509" errors="0" timestamp="2021-07-31T15:26:54 IST" skipped="0">
  <testcase classname="RequestChaining.BearerToken" name="BearerProgram" time="7.509"/>
  <system-out/>
</testsuite> <!-- RequestChaining.BearerToken -->
