<?xml version="1.0" encoding="UTF-8"?>
<!-- Generated by org.testng.reporters.JUnitReportReporter -->
<testsuite hostname="DESKTOP-M79ODK4" failures="0" tests="1" name="AssignmentProgram.AssignmentRequestChaining" time="6.377" errors="0" timestamp="2021-08-01T21:09:08 IST" skipped="0">
  <testcase classname="AssignmentProgram.AssignmentRequestChaining" name="RequetChainingProgram" time="6.377"/>
  <system-out/>
</testsuite> <!-- AssignmentProgram.AssignmentRequestChaining -->
