<?xml version="1.0" encoding="UTF-8"?>
<!-- Generated by org.testng.reporters.JUnitReportReporter -->
<testsuite hostname="DESKTOP-M79ODK4" failures="0" tests="1" name="RequestChaining.BasicAuthProgram" time="4.091" errors="0" timestamp="2021-07-31T14:59:18 IST" skipped="0">
  <testcase classname="RequestChaining.BasicAuthProgram" name="BasicAuthAuthentication" time="4.091"/>
  <system-out/>
</testsuite> <!-- RequestChaining.BasicAuthProgram -->
