<?xml version="1.0" encoding="UTF-8"?>
<!-- Generated by org.testng.reporters.JUnitReportReporter -->
<testsuite hostname="DESKTOP-M79ODK4" failures="0" tests="3" name="com.comcast.ComplexData.MultipleProj_UsingDataProvider" time="20.124" errors="0" timestamp="2021-07-30T16:43:55 IST" skipped="0">
  <testcase classname="com.comcast.ComplexData.MultipleProj_UsingDataProvider" name="createMultipleProject" time="1.980"/>
  <system-out/>
  <testcase classname="com.comcast.ComplexData.MultipleProj_UsingDataProvider" name="createMultipleProject" time="17.861"/>
  <system-out/>
  <testcase classname="com.comcast.ComplexData.MultipleProj_UsingDataProvider" name="createMultipleProject" time="0.283"/>
  <system-out/>
</testsuite> <!-- com.comcast.ComplexData.MultipleProj_UsingDataProvider -->
