<?xml version="1.0" encoding="UTF-8"?>
<!-- Generated by org.testng.reporters.JUnitReportReporter -->
<testsuite hostname="DESKTOP-M79ODK4" failures="0" tests="1" name="ProgramValidation.PostValidation" time="24.593" errors="0" timestamp="2021-07-29T23:25:42 IST" skipped="0">
  <testcase classname="ProgramValidation.PostValidation" name="createProject" time="24.593"/>
  <system-out/>
</testsuite> <!-- ProgramValidation.PostValidation -->
