<?xml version="1.0" encoding="UTF-8"?>
<!-- Generated by org.testng.reporters.JUnitReportReporter -->
<testsuite hostname="DESKTOP-M79ODK4" failures="0" tests="1" name="AssignmentProgram.AssignementRmg" time="3.769" errors="0" timestamp="2021-07-31T20:42:04 IST" skipped="0">
  <testcase classname="AssignmentProgram.AssignementRmg" name="Program7Rmg" time="3.769"/>
  <system-out/>
</testsuite> <!-- AssignmentProgram.AssignementRmg -->
