<?xml version="1.0" encoding="UTF-8"?>
<!-- Generated by org.testng.reporters.JUnitReportReporter -->
<testsuite hostname="DESKTOP-M79ODK4" failures="0" tests="1" name="AssignmentProgram.AssignementRmg7" time="3.607" errors="0" timestamp="2021-07-31T21:00:27 IST" skipped="0">
  <testcase classname="AssignmentProgram.AssignementRmg7" name="Program7Rmg" time="3.607"/>
  <system-out/>
</testsuite> <!-- AssignmentProgram.AssignementRmg7 -->
