<?xml version="1.0" encoding="UTF-8"?>
<!-- Generated by org.testng.reporters.JUnitReportReporter -->
<testsuite hostname="DESKTOP-M79ODK4" failures="0" tests="1" name="com.TY.RMG.Projects.CreateProjectWithCreateStatusAndValidationInDBTest" time="12.265" errors="0" timestamp="2021-08-02T16:13:32 IST" skipped="0">
  <testcase classname="com.TY.RMG.Projects.CreateProjectWithCreateStatusAndValidationInDBTest" name="CreateProjectWithCreateStatusAndValidationInDBTest" time="12.265"/>
  <system-out/>
</testsuite> <!-- com.TY.RMG.Projects.CreateProjectWithCreateStatusAndValidationInDBTest -->
