<?xml version="1.0" encoding="UTF-8"?>
<!-- Generated by org.testng.reporters.JUnitReportReporter -->
<testsuite hostname="DESKTOP-M79ODK4" failures="0" tests="1" name="ProgramValidation.GetValidation" time="3.146" errors="0" timestamp="2021-07-29T22:27:05 IST" skipped="0">
  <testcase classname="ProgramValidation.GetValidation" name="getAllProject" time="3.146"/>
  <system-out/>
</testsuite> <!-- ProgramValidation.GetValidation -->
