<?xml version="1.0" encoding="UTF-8"?>
<!-- Generated by org.testng.reporters.JUnitReportReporter -->
<testsuite hostname="DESKTOP-M79ODK4" failures="0" tests="1" name="com.ParameterProgram.QueryParameter" time="3.843" errors="0" timestamp="2021-07-31T12:05:09 IST" skipped="0">
  <testcase classname="com.ParameterProgram.QueryParameter" name="QueryAuthentication" time="3.843"/>
  <system-out/>
</testsuite> <!-- com.ParameterProgram.QueryParameter -->
